<?xml version="1.0" encoding="utf-8"?><testsuites><testsuite errors="0" failures="0" hostname="ansible-jenkins" name="pytest" skipped="0" tests="1" time="0.348" timestamp="2021-12-06T03:34:26.852764"><testcase classname="tests.test_mock.TestSymbolGen" name="test_symbol" time="0.011" /></testsuite></testsuites>